The system is: Windows - 10.0.18363 - AMD64
Compiling the C compiler identification source file "CMakeCCompilerId.c" succeeded.
Compiler: D:/Program Files (x86)/Microsoft Visual Studio/2019/Community/VC/Tools/MSVC/14.27.29110/bin/Hostx64/x64/cl.exe 
Build flags: 
Id flags:  

The output was:
0
用于 x64 的 Microsoft (R) C/C++ 优化编译器 19.27.29111 版
版权所有(C) Microsoft Corporation。保留所有权利。

CMakeCCompilerId.c
Microsoft (R) Incremental Linker Version 14.27.29111.0
Copyright (C) Microsoft Corporation.  All rights reserved.

/out:CMakeCCompilerId.exe 
CMakeCCompilerId.obj 


Compilation of the C compiler identification source "CMakeCCompilerId.c" produced "CMakeCCompilerId.exe"

Compilation of the C compiler identification source "CMakeCCompilerId.c" produced "CMakeCCompilerId.obj"

The C compiler identification is MSVC, found in "E:/BaiduNetdiskDownload/自动驾驶课程学习群资料/ad_sensor_fusion-master/ad_sensor_fusion-master/src/camera_lidar_sync/out/build/x64-Debug (默认值)/CMakeFiles/3.17.20032601-MSVC_2/CompilerIdC/CMakeCCompilerId.exe"

Compiling the CXX compiler identification source file "CMakeCXXCompilerId.cpp" succeeded.
Compiler: D:/Program Files (x86)/Microsoft Visual Studio/2019/Community/VC/Tools/MSVC/14.27.29110/bin/Hostx64/x64/cl.exe 
Build flags: 
Id flags:  

The output was:
0
用于 x64 的 Microsoft (R) C/C++ 优化编译器 19.27.29111 版
版权所有(C) Microsoft Corporation。保留所有权利。

CMakeCXXCompilerId.cpp
Microsoft (R) Incremental Linker Version 14.27.29111.0
Copyright (C) Microsoft Corporation.  All rights reserved.

/out:CMakeCXXCompilerId.exe 
CMakeCXXCompilerId.obj 


Compilation of the CXX compiler identification source "CMakeCXXCompilerId.cpp" produced "CMakeCXXCompilerId.exe"

Compilation of the CXX compiler identification source "CMakeCXXCompilerId.cpp" produced "CMakeCXXCompilerId.obj"

The CXX compiler identification is MSVC, found in "E:/BaiduNetdiskDownload/自动驾驶课程学习群资料/ad_sensor_fusion-master/ad_sensor_fusion-master/src/camera_lidar_sync/out/build/x64-Debug (默认值)/CMakeFiles/3.17.20032601-MSVC_2/CompilerIdCXX/CMakeCXXCompilerId.exe"

Determining if the C compiler works passed with the following output:
Change Dir: E:/BaiduNetdiskDownload/自动驾驶课程学习群资料/ad_sensor_fusion-master/ad_sensor_fusion-master/src/camera_lidar_sync/out/build/x64-Debug (默认值)/CMakeFiles/CMakeTmp

Run Build Command(s):D:/Program Files (x86)/Microsoft Visual Studio/2019/Community/Common7/IDE/CommonExtensions/Microsoft/CMake/Ninja/ninja.exe cmTC_5e2e4 && [1/2] Building C object CMakeFiles\cmTC_5e2e4.dir\testCCompiler.c.obj
[2/2] Linking C executable cmTC_5e2e4.exe



Detecting C compiler ABI info compiled with the following output:
Change Dir: E:/BaiduNetdiskDownload/自动驾驶课程学习群资料/ad_sensor_fusion-master/ad_sensor_fusion-master/src/camera_lidar_sync/out/build/x64-Debug (默认值)/CMakeFiles/CMakeTmp

Run Build Command(s):D:/Program Files (x86)/Microsoft Visual Studio/2019/Community/Common7/IDE/CommonExtensions/Microsoft/CMake/Ninja/ninja.exe cmTC_998ce && [1/2] Building C object CMakeFiles\cmTC_998ce.dir\CMakeCCompilerABI.c.obj
[2/2] Linking C executable cmTC_998ce.exe



Determining if the CXX compiler works passed with the following output:
Change Dir: E:/BaiduNetdiskDownload/自动驾驶课程学习群资料/ad_sensor_fusion-master/ad_sensor_fusion-master/src/camera_lidar_sync/out/build/x64-Debug (默认值)/CMakeFiles/CMakeTmp

Run Build Command(s):D:/Program Files (x86)/Microsoft Visual Studio/2019/Community/Common7/IDE/CommonExtensions/Microsoft/CMake/Ninja/ninja.exe cmTC_cbc88 && [1/2] Building CXX object CMakeFiles\cmTC_cbc88.dir\testCXXCompiler.cxx.obj
[2/2] Linking CXX executable cmTC_cbc88.exe



Detecting CXX compiler ABI info compiled with the following output:
Change Dir: E:/BaiduNetdiskDownload/自动驾驶课程学习群资料/ad_sensor_fusion-master/ad_sensor_fusion-master/src/camera_lidar_sync/out/build/x64-Debug (默认值)/CMakeFiles/CMakeTmp

Run Build Command(s):D:/Program Files (x86)/Microsoft Visual Studio/2019/Community/Common7/IDE/CommonExtensions/Microsoft/CMake/Ninja/ninja.exe cmTC_e3e14 && [1/2] Building CXX object CMakeFiles\cmTC_e3e14.dir\CMakeCXXCompilerABI.cpp.obj
[2/2] Linking CXX executable cmTC_e3e14.exe



